demos: 50 total, 0 already ingested, 50 to process
[1/50] 2392147_ex-ruby-vs-state-european-pro-league-series-6.dem
  → 3455 situations (8s)
[2/50] 2392150_lavked-vs-bebop-european-pro-league-series-6.dem
  → 4074 situations (10s)
[3/50] 2392152_ex-ruby-vs-metizport-european-pro-league-series-6.dem
  → 3376 situations (7s)
[4/50] 2392153_arcred-vs-lavked-european-pro-league-series-6.dem
  → 3352 situations (7s)
[5/50] 2392155_lavked-vs-phantom-european-pro-league-series-6.dem
  → 4634 situations (10s)
[6/50] 2393046_astralis-vs-fut-pgl-bucharest-2026.dem
  → 2763 situations (6s)
[7/50] 2393082_gentle-mates-vs-g2-iem-rio-2026.dem
  → 3096 situations (7s)
[8/50] 2393085_furia-vs-passion-ua-iem-rio-2026.dem
  → 3298 situations (8s)
[9/50] 2393087_aurora-vs-hotu-iem-rio-2026.dem
  → 2906 situations (5s)
[10/50] 2393088_legacy-vs-mouz-iem-rio-2026.dem
  → 3021 situations (5s)
[11/50] 2393129_zomblers-vs-regain-cct-season-3-north-america-series-4.dem
  → 3053 situations (5s)
[12/50] 2393130_voca-vs-akimbo-cct-season-3-north-america-series-4.dem
  → 2606 situations (4s)
[13/50] 2393154_mana-vs-persona-grata-nodwin-clutch-series-7-closed-qualifier.dem
  → 2215 situations (4s)
[14/50] 2393157_lavked-vs-rune-eaters-nodwin-clutch-series-7-closed-qualifier.dem
  → 2609 situations (4s)
[15/50] 2393160_ex-ruby-vs-phantom-nodwin-clutch-series-7.dem
  → 4620 situations (10s)
[16/50] 2393161_1win-vs-bebop-nodwin-clutch-series-7.dem
  → 5603 situations (9s)
[17/50] 2393166_lavked-vs-bebop-nodwin-clutch-series-7.dem
  → 4043 situations (7s)
[18/50] 2393221_ence-vs-csdiilit-elisa-open-finland-season-12.dem
  → 2268 situations (4s)
[19/50] 2393222_csdiilit-vs-kuusamo-elisa-open-finland-season-12.dem
  → 3942 situations (7s)
[20/50] 2393223_ence-vs-csdiilit-elisa-open-finland-season-12.dem
  → 2821 situations (5s)
[21/50] 2393224_vitality-vs-g2-iem-rio-2026.dem
  → 2062 situations (4s)
[22/50] 2393225_red-canids-vs-gentle-mates-iem-rio-2026.dem
  → 3951 situations (8s)
[23/50] 2393226_spirit-vs-falcons-iem-rio-2026.dem
  → 2941 situations (5s)
[24/50] 2393228_natus-vincere-vs-furia-iem-rio-2026.dem
  → 2654 situations (5s)
[25/50] 2393229_b8-vs-passion-ua-iem-rio-2026.dem
  → 2442 situations (4s)
[26/50] 2393230_mouz-vs-aurora-iem-rio-2026.dem
  → 3773 situations (7s)
[27/50] 2393232_red-canids-vs-spirit-iem-rio-2026.dem
  → 4552 situations (8s)
[28/50] 2393234_b8-vs-aurora-iem-rio-2026.dem
  → 3700 situations (7s)
[29/50] 2393236_vitality-vs-falcons-iem-rio-2026.dem
  → 3883 situations (7s)
[30/50] 2393237_g2-vs-spirit-iem-rio-2026.dem
  → 3627 situations (6s)
[31/50] 2393238_furia-vs-mouz-iem-rio-2026.dem
  → 3687 situations (6s)
[32/50] 2393239_natus-vincere-vs-aurora-iem-rio-2026.dem
  → 4034 situations (8s)
[33/50] 2393253_abyssal-vs-dxa-dfrag-open-series-4.dem
  → 3848 situations (6s)
[34/50] 2393254_arcade-vs-abyssal-dfrag-open-series-4.dem
  → 3424 situations (6s)
[35/50] 2393258_time-waves-vs-ding-cuts-dfrag-open-series-4.dem
  → 3461 situations (7s)
[36/50] 2393259_rooster-vs-ding-cuts-dfrag-open-series-4.dem
  → 3351 situations (6s)
[37/50] 2393269_laguna-vs-aab-parken-challenger-championship-season-4.dem
  → 3128 situations (6s)
[38/50] 2393270_entropy-vs-lgod-efterskole-parken-challenger-championship-season-4.dem
  → 3536 situations (6s)
[39/50] 2393276_laguna-vs-entropy-parken-challenger-championship-season-4.dem
  → 3764 situations (6s)
[40/50] 2393281_aab-vs-entropy-parken-challenger-championship-season-4.dem
  → 3177 situations (6s)
[41/50] 2393283_eyeballers-vs-unity-tipsport-conquest-of-prague-2026.dem
  → 5004 situations (10s)
[42/50] 2393289_sinners-vs-johnny-speeds-tipsport-conquest-of-prague-2026.dem
  → 4553 situations (8s)
[43/50] 2393291_fnatic-vs-eyeballers-tipsport-conquest-of-prague-2026.dem
  → 3951 situations (7s)
[44/50] 2393292_young-ninjas-vs-tricked-tipsport-conquest-of-prague-2026.dem
  → 4903 situations (9s)
[45/50] 2393330_misa-vs-fire-flux-united21-league-season-47.dem
  → 3512 situations (6s)
[46/50] 2393331_brute-vs-fire-flux-united21-league-season-47.dem
  → 4541 situations (8s)
[47/50] 2393337_zomblers-vs-incontrol-dust2us-eagle-masters-series-7.dem
  → 3338 situations (6s)
[48/50] 2393340_insane-players-vs-aether-dust2us-eagle-masters-series-7.dem
  → 3703 situations (8s)
[49/50] 2393345_mouse-vs-zomblers-crossfire-season-4.dem
  → 5589 situations (12s)
[50/50] 2393352_procyon-vs-vasco-cct-2026-challengers-south-america-series-1.dem
Traceback (most recent call last):
  File "/home/tomyan/Code/cs2-shadowpro/batch_extract.py", line 60, in main
    situations = extract(
        dem.rounds, dem.ticks, dem.kills,
        dem.bomb, dem.smokes, dem.infernos,
        source="pro", demo_id=demo_id,
    )
  File "/home/tomyan/Code/cs2-shadowpro/extract_situations.py", line 87, in extract
    samples = build_sample_ticks(rounds, kills, bomb)
  File "/home/tomyan/Code/cs2-shadowpro/extract_situations.py", line 55, in build_sample_ticks
    while t <= end:
          ^^^^^^^^
TypeError: '<=' not supported between instances of 'NoneType' and 'int'
  ERROR: '<=' not supported between instances of 'NoneType' and 'int'

added this run: 175844
db total: 175844 situations across 49 demos
